<?xml version="1.0" encoding="UTF-8"?>
<!-- Generated by org.testng.reporters.JUnitReportReporter -->
<testsuite hostname="DESKTOP-931JVP2" failures="0" tests="3" name="practise.DynamicJson" time="3.448" errors="0" timestamp="2025-05-06T23:15:48 IST" skipped="0">
  <testcase classname="practise.DynamicJson" name="addBook" time="0.138"/>
  <testcase classname="practise.DynamicJson" name="addBook" time="0.132"/>
  <testcase classname="practise.DynamicJson" name="addBook" time="3.178"/>
</testsuite> <!-- practise.DynamicJson -->
