<?xml version="1.0" encoding="UTF-8"?>
<!-- Generated by org.testng.reporters.JUnitReportReporter -->
<testsuite hostname="DESKTOP-931JVP2" failures="0" tests="1" name="practise.SumValidation" time="2.282" errors="0" timestamp="2025-05-05T23:38:47 IST" skipped="0">
  <testcase classname="practise.SumValidation" name="sum" time="2.282"/>
</testsuite> <!-- practise.SumValidation -->
